SF:lib\features\auth\bloc\auth_bloc.dart
DA:10,3
DA:11,1
DA:12,0
DA:14,0
DA:15,0
DA:19,1
DA:20,0
DA:22,0
DA:23,0
DA:28,0
DA:33,0
DA:35,0
DA:37,0
DA:39,0
DA:42,0
LF:15
LH:3
end_of_record
SF:lib\features\auth\bloc\auth_event.dart
DA:7,0
DA:14,0
LF:2
LH:0
end_of_record
SF:lib\features\auth\bloc\auth_state.dart
DA:12,0
LF:1
LH:0
end_of_record
SF:lib\features\auth\repository\auth_repository.dart
DA:8,0
DA:10,0
DA:12,0
DA:19,0
DA:21,0
LF:5
LH:0
end_of_record
SF:lib\app\config\app_config.dart
DA:8,0
DA:14,0
DA:16,0
DA:17,0
DA:18,0
DA:24,0
LF:6
LH:0
end_of_record
SF:lib\app\config\app_router.dart
DA:11,0
DA:13,0
DA:14,0
DA:15,0
DA:17,0
DA:18,0
DA:20,0
DA:21,0
DA:22,0
DA:23,0
DA:24,0
DA:25,0
DA:27,0
LF:13
LH:0
end_of_record
SF:lib\features\auth\screen\login_screen.dart
DA:12,1
DA:14,0
DA:15,0
DA:23,0
DA:25,0
DA:26,0
DA:27,0
DA:30,0
DA:39,0
DA:42,0
DA:44,0
DA:45,0
DA:46,0
DA:47,0
DA:48,0
DA:50,0
DA:51,0
DA:53,0
DA:54,0
DA:55,0
DA:56,0
DA:57,0
DA:58,0
DA:59,0
DA:60,0
DA:63,0
DA:64,0
DA:65,0
DA:66,0
DA:67,0
LF:30
LH:1
end_of_record
SF:lib\features\auth\screen\register_screen.dart
DA:16,1
DA:18,0
DA:19,0
DA:30,0
DA:32,0
DA:33,0
DA:34,0
DA:35,0
DA:36,0
DA:39,0
DA:40,0
DA:41,0
DA:45,0
DA:46,0
DA:47,0
DA:48,0
DA:53,0
DA:54,0
DA:55,0
DA:56,0
DA:60,0
DA:62,0
DA:63,0
DA:64,0
DA:65,0
DA:66,0
DA:67,0
DA:68,0
DA:69,0
DA:72,0
DA:73,0
DA:75,0
DA:76,0
DA:77,0
DA:78,0
DA:79,0
DA:80,0
DA:81,0
DA:82,0
DA:83,0
DA:84,0
DA:85,0
DA:87,0
DA:88,0
DA:89,0
DA:90,0
DA:91,0
DA:92,0
DA:93,0
DA:96,0
DA:98,0
DA:99,0
LF:52
LH:1
end_of_record
SF:lib\features\home\screen\home_screen.dart
DA:16,1
DA:18,0
DA:19,0
DA:26,0
DA:28,0
DA:29,0
DA:32,0
DA:34,0
DA:35,0
DA:38,0
DA:39,0
DA:40,0
DA:42,0
DA:46,0
DA:48,0
DA:49,0
DA:50,0
DA:51,0
DA:52,0
DA:56,0
DA:57,0
DA:58,0
DA:59,0
DA:62,0
DA:63,0
DA:64,0
DA:66,0
DA:67,0
DA:70,0
DA:71,0
DA:76,0
DA:82,0
DA:84,0
DA:85,0
DA:87,0
DA:89,0
DA:90,0
DA:91,0
DA:94,0
DA:95,0
DA:101,0
LF:41
LH:1
end_of_record
SF:lib\features\settings\settings_screen.dart
DA:10,1
DA:12,0
DA:14,0
DA:15,0
DA:16,0
DA:17,0
DA:18,0
DA:20,0
DA:21,0
DA:22,0
DA:23,0
DA:24,0
DA:27,0
DA:28,0
DA:29,0
DA:30,0
DA:31,0
LF:17
LH:1
end_of_record
SF:lib\features\splash_screen\screen\splash_screen.dart
DA:7,1
DA:9,0
DA:10,0
DA:14,0
DA:16,0
DA:17,0
DA:19,0
DA:22,0
DA:24,0
DA:25,0
DA:26,0
DA:28,0
DA:32,0
LF:13
LH:1
end_of_record
SF:lib\main.dart
DA:15,0
DA:17,0
DA:18,0
DA:19,0
DA:20,0
DA:21,0
DA:23,0
DA:24,0
DA:25,0
DA:26,0
DA:27,0
DA:28,0
DA:29,0
DA:31,0
DA:42,1
DA:46,0
DA:48,0
DA:49,0
DA:50,0
DA:52,0
DA:53,0
DA:54,0
DA:55,0
DA:56,0
DA:57,0
DA:58,0
DA:64,0
DA:65,0
DA:66,0
DA:67,0
DA:68,0
DA:69,0
DA:70,0
DA:71,0
DA:72,0
DA:74,0
DA:75,0
DA:76,0
DA:77,0
DA:78,0
DA:79,0
LF:41
LH:1
end_of_record
SF:lib\app\config\app_themes.dart
DA:5,0
DA:13,0
DA:14,0
DA:18,0
DA:20,0
DA:21,0
LF:6
LH:0
end_of_record
SF:lib\app\config\text_styles.dart
DA:5,0
DA:7,0
DA:8,0
DA:11,0
DA:12,0
DA:15,0
DA:16,0
LF:7
LH:0
end_of_record
SF:lib\di\injection.dart
DA:6,0
DA:9,0
DA:11,0
DA:13,0
LF:4
LH:0
end_of_record
SF:lib\features\home\repository\home_repository.dart
DA:4,0
DA:6,0
DA:7,0
LF:3
LH:0
end_of_record
SF:lib\services\api_service.dart
DA:9,0
DA:11,0
DA:12,0
DA:16,0
DA:22,0
DA:23,0
DA:26,0
DA:32,0
DA:35,0
DA:37,0
DA:39,0
DA:43,0
DA:49,0
DA:52,0
DA:54,0
DA:56,0
DA:60,0
DA:66,0
DA:69,0
DA:71,0
DA:73,0
DA:77,0
DA:83,0
DA:86,0
DA:88,0
DA:90,0
DA:94,0
DA:100,0
DA:103,0
DA:105,0
DA:107,0
DA:111,0
DA:113,0
DA:114,0
DA:115,0
DA:116,0
DA:117,0
DA:119,0
DA:121,0
DA:123,0
DA:126,0
DA:127,0
DA:136,0
DA:144,0
DA:146,0
DA:148,0
DA:150,0
LF:47
LH:0
end_of_record
SF:lib\widgets\custom_button.dart
DA:5,0
DA:19,0
DA:21,0
DA:22,0
DA:23,0
DA:24,0
DA:25,0
DA:26,0
DA:28,0
DA:37,0
DA:38,0
DA:39,0
LF:12
LH:0
end_of_record
SF:lib\widgets\custom_screen.dart
DA:5,0
DA:28,0
DA:30,0
DA:31,0
DA:32,0
DA:34,0
DA:35,0
DA:36,0
DA:37,0
DA:38,0
DA:39,0
DA:40,0
DA:45,0
DA:46,0
DA:48,0
DA:49,0
DA:50,0
LF:17
LH:0
end_of_record
SF:lib\utils\message.dart
DA:6,0
DA:9,0
DA:12,0
DA:13,0
DA:14,0
DA:15,0
DA:22,0
DA:30,0
DA:34,0
DA:37,0
DA:38,0
DA:39,0
DA:40,0
DA:47,0
DA:55,0
DA:59,0
DA:62,0
DA:63,0
DA:64,0
DA:71,0
DA:77,0
DA:79,0
LF:22
LH:0
end_of_record
SF:lib\utils\validations.dart
DA:3,0
DA:4,0
DA:5,0
DA:10,0
DA:11,0
DA:12,0
LF:6
LH:0
end_of_record
SF:lib\widgets\custom_text_field.dart
DA:4,0
DA:23,0
DA:25,0
DA:26,0
DA:27,0
DA:28,0
DA:29,0
DA:30,0
DA:31,0
DA:32,0
LF:10
LH:0
end_of_record
SF:lib\features\home\bloc\home_bloc.dart
DA:9,0
DA:10,0
DA:11,0
DA:13,0
DA:14,0
DA:16,0
LF:6
LH:0
end_of_record
SF:lib\features\home\bloc\home_event.dart
DA:8,0
LF:1
LH:0
end_of_record
SF:lib\features\home\bloc\home_state.dart
DA:10,0
DA:16,0
LF:2
LH:0
end_of_record
SF:lib\features\settings\settings_cubit.dart
DA:10,0
DA:12,0
DA:13,0
DA:14,0
DA:15,0
DA:21,0
DA:22,0
DA:24,0
DA:27,0
DA:28,0
DA:29,0
DA:30,0
DA:32,0
DA:33,0
DA:34,0
DA:38,0
DA:39,0
DA:40,0
DA:41,0
DA:44,0
DA:45,0
DA:46,0
DA:47,0
DA:50,0
DA:52,0
DA:54,0
DA:61,0
DA:63,0
DA:65,0
LF:29
LH:0
end_of_record
SF:lib\features\settings\widgets\radio_language.dart
DA:7,0
DA:13,0
DA:14,0
DA:20,0
DA:22,0
DA:23,0
DA:26,0
DA:28,0
DA:29,0
DA:30,0
DA:35,0
DA:37,0
DA:39,0
DA:40,0
DA:41,0
DA:42,0
DA:44,0
DA:45,0
DA:47,0
DA:48,0
DA:50,0
DA:51,0
LF:22
LH:0
end_of_record
SF:lib\features\settings\widgets\radio_theme.dart
DA:7,0
DA:13,0
DA:14,0
DA:20,0
DA:22,0
DA:23,0
DA:26,0
DA:28,0
DA:29,0
DA:30,0
DA:35,0
DA:37,0
DA:39,0
DA:40,0
DA:41,0
DA:42,0
DA:44,0
DA:45,0
DA:47,0
DA:48,0
DA:50,0
DA:51,0
DA:53,0
DA:54,0
DA:56,0
DA:57,0
LF:26
LH:0
end_of_record
SF:lib\features\settings\widgets\custom_radio_setting.dart
DA:5,0
DA:17,0
DA:19,0
DA:20,0
DA:21,0
DA:22,0
DA:23,0
LF:7
LH:0
end_of_record
SF:lib\widgets\custom_animation.dart
DA:5,0
DA:7,0
DA:13,0
DA:14,0
DA:16,0
LF:5
LH:0
end_of_record
